2023-06-04 23:41:33,519 [INFO]  
========== start: fit model
2023-06-04 23:41:33,519 [WARNING]  Already bound, ignoring bind()
2023-06-04 23:41:35,691 [INFO]  Epoch[0] Batch [0-286]	Speed: 2119.91 samples/sec	cross-entropy=1.516315	company_size-accuracy=0.510235
2023-06-04 23:41:37,937 [INFO]  Epoch[0] Train-cross-entropy=1.236716
2023-06-04 23:41:37,937 [INFO]  Epoch[0] Train-company_size-accuracy=0.689799
2023-06-04 23:41:37,937 [INFO]  Epoch[0] Time cost=4.417
2023-06-04 23:41:37,943 [INFO]  Saved checkpoint to "imputer_comp_size/model-0000.params"
2023-06-04 23:41:38,319 [INFO]  Epoch[0] Validation-cross-entropy=0.770490
2023-06-04 23:41:38,320 [INFO]  Epoch[0] Validation-company_size-accuracy=0.902344
2023-06-04 23:41:40,528 [INFO]  Epoch[1] Batch [0-286]	Speed: 2079.24 samples/sec	cross-entropy=0.602306	company_size-accuracy=0.925305
2023-06-04 23:41:42,750 [INFO]  Epoch[1] Train-cross-entropy=0.505695
2023-06-04 23:41:42,750 [INFO]  Epoch[1] Train-company_size-accuracy=0.951729
2023-06-04 23:41:42,750 [INFO]  Epoch[1] Time cost=4.430
2023-06-04 23:41:42,754 [INFO]  Saved checkpoint to "imputer_comp_size/model-0001.params"
2023-06-04 23:41:43,148 [INFO]  Epoch[1] Validation-cross-entropy=0.351103
2023-06-04 23:41:43,148 [INFO]  Epoch[1] Validation-company_size-accuracy=0.989258
2023-06-04 23:41:45,376 [INFO]  Epoch[2] Batch [0-286]	Speed: 2061.71 samples/sec	cross-entropy=0.283493	company_size-accuracy=0.997169
2023-06-04 23:41:47,614 [INFO]  Epoch[2] Train-cross-entropy=0.248164
2023-06-04 23:41:47,614 [INFO]  Epoch[2] Train-company_size-accuracy=0.998577
2023-06-04 23:41:47,614 [INFO]  Epoch[2] Time cost=4.465
2023-06-04 23:41:47,618 [INFO]  Saved checkpoint to "imputer_comp_size/model-0002.params"
2023-06-04 23:41:48,010 [INFO]  Epoch[2] Validation-cross-entropy=0.193710
2023-06-04 23:41:48,010 [INFO]  Epoch[2] Validation-company_size-accuracy=0.999023
2023-06-04 23:41:50,284 [INFO]  Epoch[3] Batch [0-286]	Speed: 2019.60 samples/sec	cross-entropy=0.159790	company_size-accuracy=1.000000
2023-06-04 23:41:52,521 [INFO]  Epoch[3] Train-cross-entropy=0.143889
2023-06-04 23:41:52,522 [INFO]  Epoch[3] Train-company_size-accuracy=1.000000
2023-06-04 23:41:52,522 [INFO]  Epoch[3] Time cost=4.511
2023-06-04 23:41:52,526 [INFO]  Saved checkpoint to "imputer_comp_size/model-0003.params"
2023-06-04 23:41:52,911 [INFO]  Epoch[3] Validation-cross-entropy=0.121031
2023-06-04 23:41:52,911 [INFO]  Epoch[3] Validation-company_size-accuracy=0.999023
2023-06-04 23:41:55,144 [INFO]  Epoch[4] Batch [0-286]	Speed: 2056.32 samples/sec	cross-entropy=0.100820	company_size-accuracy=1.000000
2023-06-04 23:41:57,377 [INFO]  Epoch[4] Train-cross-entropy=0.092397
2023-06-04 23:41:57,377 [INFO]  Epoch[4] Train-company_size-accuracy=1.000000
2023-06-04 23:41:57,377 [INFO]  Epoch[4] Time cost=4.466
2023-06-04 23:41:57,383 [INFO]  Saved checkpoint to "imputer_comp_size/model-0004.params"
2023-06-04 23:41:57,773 [INFO]  Epoch[4] Validation-cross-entropy=0.081530
2023-06-04 23:41:57,773 [INFO]  Epoch[4] Validation-company_size-accuracy=1.000000
2023-06-04 23:42:00,030 [INFO]  Epoch[5] Batch [0-286]	Speed: 2034.34 samples/sec	cross-entropy=0.068119	company_size-accuracy=1.000000
2023-06-04 23:42:02,248 [INFO]  Epoch[5] Train-cross-entropy=0.063141
2023-06-04 23:42:02,248 [INFO]  Epoch[5] Train-company_size-accuracy=1.000000
2023-06-04 23:42:02,248 [INFO]  Epoch[5] Time cost=4.475
2023-06-04 23:42:02,253 [INFO]  Saved checkpoint to "imputer_comp_size/model-0005.params"
2023-06-04 23:42:02,632 [INFO]  Epoch[5] Validation-cross-entropy=0.057549
2023-06-04 23:42:02,632 [INFO]  Epoch[5] Validation-company_size-accuracy=1.000000
2023-06-04 23:42:04,804 [INFO]  Epoch[6] Batch [0-286]	Speed: 2114.32 samples/sec	cross-entropy=0.048074	company_size-accuracy=1.000000
2023-06-04 23:42:06,959 [INFO]  Epoch[6] Train-cross-entropy=0.044907
2023-06-04 23:42:06,959 [INFO]  Epoch[6] Train-company_size-accuracy=1.000000
2023-06-04 23:42:06,959 [INFO]  Epoch[6] Time cost=4.327
2023-06-04 23:42:06,963 [INFO]  Saved checkpoint to "imputer_comp_size/model-0006.params"
2023-06-04 23:42:07,364 [INFO]  Epoch[6] Validation-cross-entropy=0.041933
2023-06-04 23:42:07,364 [INFO]  Epoch[6] Validation-company_size-accuracy=1.000000
2023-06-04 23:42:09,536 [INFO]  Epoch[7] Batch [0-286]	Speed: 2113.94 samples/sec	cross-entropy=0.034936	company_size-accuracy=1.000000
2023-06-04 23:42:11,689 [INFO]  Epoch[7] Train-cross-entropy=0.032814
2023-06-04 23:42:11,689 [INFO]  Epoch[7] Train-company_size-accuracy=1.000000
2023-06-04 23:42:11,689 [INFO]  Epoch[7] Time cost=4.325
2023-06-04 23:42:11,694 [INFO]  Saved checkpoint to "imputer_comp_size/model-0007.params"
2023-06-04 23:42:12,074 [INFO]  Epoch[7] Validation-cross-entropy=0.031223
2023-06-04 23:42:12,074 [INFO]  Epoch[7] Validation-company_size-accuracy=1.000000
2023-06-04 23:42:14,302 [INFO]  Epoch[8] Batch [0-286]	Speed: 2060.55 samples/sec	cross-entropy=0.025911	company_size-accuracy=1.000000
2023-06-04 23:42:16,449 [INFO]  Epoch[8] Train-cross-entropy=0.024436
2023-06-04 23:42:16,449 [INFO]  Epoch[8] Train-company_size-accuracy=1.000000
2023-06-04 23:42:16,449 [INFO]  Epoch[8] Time cost=4.375
2023-06-04 23:42:16,454 [INFO]  Saved checkpoint to "imputer_comp_size/model-0008.params"
2023-06-04 23:42:16,834 [INFO]  Epoch[8] Validation-cross-entropy=0.023618
2023-06-04 23:42:16,834 [INFO]  Epoch[8] Validation-company_size-accuracy=1.000000
2023-06-04 23:42:19,171 [INFO]  Epoch[9] Batch [0-286]	Speed: 1964.93 samples/sec	cross-entropy=0.019507	company_size-accuracy=1.000000
2023-06-04 23:42:21,395 [INFO]  Epoch[9] Train-cross-entropy=0.018451
2023-06-04 23:42:21,396 [INFO]  Epoch[9] Train-company_size-accuracy=1.000000
2023-06-04 23:42:21,396 [INFO]  Epoch[9] Time cost=4.562
2023-06-04 23:42:21,400 [INFO]  Saved checkpoint to "imputer_comp_size/model-0009.params"
2023-06-04 23:42:21,777 [INFO]  Epoch[9] Validation-cross-entropy=0.018062
2023-06-04 23:42:21,777 [INFO]  Epoch[9] Validation-company_size-accuracy=1.000000
2023-06-04 23:42:24,100 [INFO]  Epoch[10] Batch [0-286]	Speed: 1977.01 samples/sec	cross-entropy=0.014845	company_size-accuracy=1.000000
2023-06-04 23:42:26,399 [INFO]  Epoch[10] Train-cross-entropy=0.014075
2023-06-04 23:42:26,399 [INFO]  Epoch[10] Train-company_size-accuracy=1.000000
2023-06-04 23:42:26,399 [INFO]  Epoch[10] Time cost=4.622
2023-06-04 23:42:26,404 [INFO]  Saved checkpoint to "imputer_comp_size/model-0010.params"
2023-06-04 23:42:26,785 [INFO]  Epoch[10] Validation-cross-entropy=0.013958
2023-06-04 23:42:26,785 [INFO]  Epoch[10] Validation-company_size-accuracy=1.000000
2023-06-04 23:42:29,027 [INFO]  Epoch[11] Batch [0-286]	Speed: 2047.54 samples/sec	cross-entropy=0.011392	company_size-accuracy=1.000000
2023-06-04 23:42:31,293 [INFO]  Epoch[11] Train-cross-entropy=0.010820
2023-06-04 23:42:31,293 [INFO]  Epoch[11] Train-company_size-accuracy=1.000000
2023-06-04 23:42:31,293 [INFO]  Epoch[11] Time cost=4.508
2023-06-04 23:42:31,298 [INFO]  Saved checkpoint to "imputer_comp_size/model-0011.params"
2023-06-04 23:42:31,682 [INFO]  Epoch[11] Validation-cross-entropy=0.010831
2023-06-04 23:42:31,683 [INFO]  Epoch[11] Validation-company_size-accuracy=1.000000
2023-06-04 23:42:34,044 [INFO]  Epoch[12] Batch [0-286]	Speed: 1944.11 samples/sec	cross-entropy=0.008798	company_size-accuracy=1.000000
2023-06-04 23:42:36,279 [INFO]  Epoch[12] Train-cross-entropy=0.008370
2023-06-04 23:42:36,279 [INFO]  Epoch[12] Train-company_size-accuracy=1.000000
2023-06-04 23:42:36,279 [INFO]  Epoch[12] Time cost=4.597
2023-06-04 23:42:36,285 [INFO]  Saved checkpoint to "imputer_comp_size/model-0012.params"
2023-06-04 23:42:36,674 [INFO]  Epoch[12] Validation-cross-entropy=0.008461
2023-06-04 23:42:36,674 [INFO]  Epoch[12] Validation-company_size-accuracy=1.000000
2023-06-04 23:42:38,913 [INFO]  Epoch[13] Batch [0-286]	Speed: 2051.03 samples/sec	cross-entropy=0.006830	company_size-accuracy=1.000000
2023-06-04 23:42:41,127 [INFO]  Epoch[13] Train-cross-entropy=0.006506
2023-06-04 23:42:41,127 [INFO]  Epoch[13] Train-company_size-accuracy=1.000000
2023-06-04 23:42:41,127 [INFO]  Epoch[13] Time cost=4.453
2023-06-04 23:42:41,131 [INFO]  Saved checkpoint to "imputer_comp_size/model-0013.params"
2023-06-04 23:42:41,509 [INFO]  Epoch[13] Validation-cross-entropy=0.006640
2023-06-04 23:42:41,509 [INFO]  Epoch[13] Validation-company_size-accuracy=1.000000
2023-06-04 23:42:43,771 [INFO]  Epoch[14] Batch [0-286]	Speed: 2029.83 samples/sec	cross-entropy=0.005324	company_size-accuracy=1.000000
2023-06-04 23:42:46,024 [INFO]  Epoch[14] Train-cross-entropy=0.005076
2023-06-04 23:42:46,024 [INFO]  Epoch[14] Train-company_size-accuracy=1.000000
2023-06-04 23:42:46,024 [INFO]  Epoch[14] Time cost=4.515
2023-06-04 23:42:46,029 [INFO]  Saved checkpoint to "imputer_comp_size/model-0014.params"
2023-06-04 23:42:46,414 [INFO]  Epoch[14] Validation-cross-entropy=0.005235
2023-06-04 23:42:46,414 [INFO]  Epoch[14] Validation-company_size-accuracy=1.000000
2023-06-04 23:42:48,594 [INFO]  Epoch[15] Batch [0-286]	Speed: 2106.93 samples/sec	cross-entropy=0.004164	company_size-accuracy=1.000000
2023-06-04 23:42:50,749 [INFO]  Epoch[15] Train-cross-entropy=0.003974
2023-06-04 23:42:50,749 [INFO]  Epoch[15] Train-company_size-accuracy=1.000000
2023-06-04 23:42:50,749 [INFO]  Epoch[15] Time cost=4.335
2023-06-04 23:42:50,754 [INFO]  Saved checkpoint to "imputer_comp_size/model-0015.params"
2023-06-04 23:42:51,129 [INFO]  Epoch[15] Validation-cross-entropy=0.004145
2023-06-04 23:42:51,129 [INFO]  Epoch[15] Validation-company_size-accuracy=1.000000
2023-06-04 23:42:53,312 [INFO]  Epoch[16] Batch [0-286]	Speed: 2103.85 samples/sec	cross-entropy=0.003266	company_size-accuracy=1.000000
2023-06-04 23:42:55,453 [INFO]  Epoch[16] Train-cross-entropy=0.003121
2023-06-04 23:42:55,453 [INFO]  Epoch[16] Train-company_size-accuracy=1.000000
2023-06-04 23:42:55,453 [INFO]  Epoch[16] Time cost=4.323
2023-06-04 23:42:55,458 [INFO]  Saved checkpoint to "imputer_comp_size/model-0016.params"
2023-06-04 23:42:55,837 [INFO]  Epoch[16] Validation-cross-entropy=0.003277
2023-06-04 23:42:55,837 [INFO]  Epoch[16] Validation-company_size-accuracy=1.000000
2023-06-04 23:42:58,007 [INFO]  Epoch[17] Batch [0-286]	Speed: 2117.37 samples/sec	cross-entropy=0.002569	company_size-accuracy=1.000000
2023-06-04 23:43:00,250 [INFO]  Epoch[17] Train-cross-entropy=0.002456
2023-06-04 23:43:00,250 [INFO]  Epoch[17] Train-company_size-accuracy=1.000000
2023-06-04 23:43:00,250 [INFO]  Epoch[17] Time cost=4.413
2023-06-04 23:43:00,256 [INFO]  Saved checkpoint to "imputer_comp_size/model-0017.params"
2023-06-04 23:43:00,645 [INFO]  Epoch[17] Validation-cross-entropy=0.002606
2023-06-04 23:43:00,645 [INFO]  Epoch[17] Validation-company_size-accuracy=1.000000
2023-06-04 23:43:02,839 [INFO]  Epoch[18] Batch [0-286]	Speed: 2093.42 samples/sec	cross-entropy=0.002025	company_size-accuracy=1.000000
2023-06-04 23:43:04,994 [INFO]  Epoch[18] Train-cross-entropy=0.001938
2023-06-04 23:43:04,994 [INFO]  Epoch[18] Train-company_size-accuracy=1.000000
2023-06-04 23:43:04,994 [INFO]  Epoch[18] Time cost=4.348
2023-06-04 23:43:04,998 [INFO]  Saved checkpoint to "imputer_comp_size/model-0018.params"
2023-06-04 23:43:05,400 [INFO]  Epoch[18] Validation-cross-entropy=0.002073
2023-06-04 23:43:05,400 [INFO]  Epoch[18] Validation-company_size-accuracy=1.000000
2023-06-04 23:43:07,591 [INFO]  Epoch[19] Batch [0-286]	Speed: 2096.14 samples/sec	cross-entropy=0.001600	company_size-accuracy=1.000000
2023-06-04 23:43:09,799 [INFO]  Epoch[19] Train-cross-entropy=0.001532
2023-06-04 23:43:09,800 [INFO]  Epoch[19] Train-company_size-accuracy=1.000000
2023-06-04 23:43:09,800 [INFO]  Epoch[19] Time cost=4.400
2023-06-04 23:43:09,805 [INFO]  Saved checkpoint to "imputer_comp_size/model-0019.params"
2023-06-04 23:43:10,183 [INFO]  Epoch[19] Validation-cross-entropy=0.001656
2023-06-04 23:43:10,184 [INFO]  Epoch[19] Validation-company_size-accuracy=1.000000
2023-06-04 23:43:12,430 [INFO]  Epoch[20] Batch [0-286]	Speed: 2044.38 samples/sec	cross-entropy=0.001266	company_size-accuracy=1.000000
2023-06-04 23:43:14,702 [INFO]  Epoch[20] Train-cross-entropy=0.001214
2023-06-04 23:43:14,703 [INFO]  Epoch[20] Train-company_size-accuracy=1.000000
2023-06-04 23:43:14,703 [INFO]  Epoch[20] Time cost=4.519
2023-06-04 23:43:14,708 [INFO]  Saved checkpoint to "imputer_comp_size/model-0020.params"
2023-06-04 23:43:15,101 [INFO]  Epoch[20] Validation-cross-entropy=0.001325
2023-06-04 23:43:15,101 [INFO]  Epoch[20] Validation-company_size-accuracy=1.000000
2023-06-04 23:43:17,325 [INFO]  Epoch[21] Batch [0-286]	Speed: 2064.91 samples/sec	cross-entropy=0.001005	company_size-accuracy=1.000000
2023-06-04 23:43:19,483 [INFO]  Epoch[21] Train-cross-entropy=0.000964
2023-06-04 23:43:19,483 [INFO]  Epoch[21] Train-company_size-accuracy=1.000000
2023-06-04 23:43:19,483 [INFO]  Epoch[21] Time cost=4.382
2023-06-04 23:43:19,488 [INFO]  Saved checkpoint to "imputer_comp_size/model-0021.params"
2023-06-04 23:43:19,893 [INFO]  Epoch[21] Validation-cross-entropy=0.001061
2023-06-04 23:43:19,893 [INFO]  Epoch[21] Validation-company_size-accuracy=1.000000
2023-06-04 23:43:22,149 [INFO]  Epoch[22] Batch [0-286]	Speed: 2035.42 samples/sec	cross-entropy=0.000799	company_size-accuracy=1.000000
2023-06-04 23:43:24,339 [INFO]  Epoch[22] Train-cross-entropy=0.000767
2023-06-04 23:43:24,339 [INFO]  Epoch[22] Train-company_size-accuracy=1.000000
2023-06-04 23:43:24,339 [INFO]  Epoch[22] Time cost=4.447
2023-06-04 23:43:24,344 [INFO]  Saved checkpoint to "imputer_comp_size/model-0022.params"
2023-06-04 23:43:24,722 [INFO]  Epoch[22] Validation-cross-entropy=0.000848
2023-06-04 23:43:24,722 [INFO]  Epoch[22] Validation-company_size-accuracy=1.000000
2023-06-04 23:43:26,954 [INFO]  Epoch[23] Batch [0-286]	Speed: 2057.14 samples/sec	cross-entropy=0.000636	company_size-accuracy=1.000000
2023-06-04 23:43:29,154 [INFO]  Epoch[23] Train-cross-entropy=0.000611
2023-06-04 23:43:29,154 [INFO]  Epoch[23] Train-company_size-accuracy=1.000000
2023-06-04 23:43:29,154 [INFO]  Epoch[23] Time cost=4.432
2023-06-04 23:43:29,159 [INFO]  Saved checkpoint to "imputer_comp_size/model-0023.params"
2023-06-04 23:43:29,546 [INFO]  Epoch[23] Validation-cross-entropy=0.000686
2023-06-04 23:43:29,546 [INFO]  Epoch[23] Validation-company_size-accuracy=1.000000
2023-06-04 23:43:31,779 [INFO]  Epoch[24] Batch [0-286]	Speed: 2056.84 samples/sec	cross-entropy=0.000508	company_size-accuracy=1.000000
2023-06-04 23:43:33,995 [INFO]  Epoch[24] Train-cross-entropy=0.000489
2023-06-04 23:43:33,995 [INFO]  Epoch[24] Train-company_size-accuracy=1.000000
2023-06-04 23:43:33,995 [INFO]  Epoch[24] Time cost=4.449
2023-06-04 23:43:34,000 [INFO]  Saved checkpoint to "imputer_comp_size/model-0024.params"
2023-06-04 23:43:34,386 [INFO]  Epoch[24] Validation-cross-entropy=0.000554
2023-06-04 23:43:34,386 [INFO]  Epoch[24] Validation-company_size-accuracy=1.000000
2023-06-04 23:43:36,633 [INFO]  Epoch[25] Batch [0-286]	Speed: 2043.78 samples/sec	cross-entropy=0.000407	company_size-accuracy=1.000000
2023-06-04 23:43:38,872 [INFO]  Epoch[25] Train-cross-entropy=0.000391
2023-06-04 23:43:38,872 [INFO]  Epoch[25] Train-company_size-accuracy=1.000000
2023-06-04 23:43:38,872 [INFO]  Epoch[25] Time cost=4.486
2023-06-04 23:43:38,877 [INFO]  Saved checkpoint to "imputer_comp_size/model-0025.params"
2023-06-04 23:43:39,256 [INFO]  Epoch[25] Validation-cross-entropy=0.000449
2023-06-04 23:43:39,257 [INFO]  Epoch[25] Validation-company_size-accuracy=1.000000
2023-06-04 23:43:41,467 [INFO]  Epoch[26] Batch [0-286]	Speed: 2077.01 samples/sec	cross-entropy=0.000326	company_size-accuracy=1.000000
2023-06-04 23:43:43,708 [INFO]  Epoch[26] Train-cross-entropy=0.000314
2023-06-04 23:43:43,708 [INFO]  Epoch[26] Train-company_size-accuracy=1.000000
2023-06-04 23:43:43,708 [INFO]  Epoch[26] Time cost=4.452
2023-06-04 23:43:43,715 [INFO]  Saved checkpoint to "imputer_comp_size/model-0026.params"
2023-06-04 23:43:44,171 [INFO]  Epoch[26] Validation-cross-entropy=0.000363
2023-06-04 23:43:44,171 [INFO]  Epoch[26] Validation-company_size-accuracy=1.000000
2023-06-04 23:43:46,561 [INFO]  Epoch[27] Batch [0-286]	Speed: 1921.44 samples/sec	cross-entropy=0.000262	company_size-accuracy=1.000000
2023-06-04 23:43:48,906 [INFO]  Epoch[27] Train-cross-entropy=0.000253
2023-06-04 23:43:48,907 [INFO]  Epoch[27] Train-company_size-accuracy=1.000000
2023-06-04 23:43:48,907 [INFO]  Epoch[27] Time cost=4.735
2023-06-04 23:43:48,912 [INFO]  Saved checkpoint to "imputer_comp_size/model-0027.params"
2023-06-04 23:43:49,318 [INFO]  Epoch[27] Validation-cross-entropy=0.000293
2023-06-04 23:43:49,318 [INFO]  Epoch[27] Validation-company_size-accuracy=1.000000
2023-06-04 23:43:51,570 [INFO]  Epoch[28] Batch [0-286]	Speed: 2039.48 samples/sec	cross-entropy=0.000212	company_size-accuracy=1.000000
2023-06-04 23:43:53,776 [INFO]  Epoch[28] Train-cross-entropy=0.000204
2023-06-04 23:43:53,776 [INFO]  Epoch[28] Train-company_size-accuracy=1.000000
2023-06-04 23:43:53,776 [INFO]  Epoch[28] Time cost=4.458
2023-06-04 23:43:53,781 [INFO]  Saved checkpoint to "imputer_comp_size/model-0028.params"
2023-06-04 23:43:54,164 [INFO]  Epoch[28] Validation-cross-entropy=0.000237
2023-06-04 23:43:54,164 [INFO]  Epoch[28] Validation-company_size-accuracy=1.000000
2023-06-04 23:43:56,548 [INFO]  Epoch[29] Batch [0-286]	Speed: 1926.07 samples/sec	cross-entropy=0.000171	company_size-accuracy=1.000000
2023-06-04 23:43:58,801 [INFO]  Epoch[29] Train-cross-entropy=0.000166
2023-06-04 23:43:58,801 [INFO]  Epoch[29] Train-company_size-accuracy=1.000000
2023-06-04 23:43:58,801 [INFO]  Epoch[29] Time cost=4.637
2023-06-04 23:43:58,809 [INFO]  Saved checkpoint to "imputer_comp_size/model-0029.params"
2023-06-04 23:43:59,185 [INFO]  Epoch[29] Validation-cross-entropy=0.000195
2023-06-04 23:43:59,185 [INFO]  Epoch[29] Validation-company_size-accuracy=1.000000
2023-06-04 23:44:01,433 [INFO]  Epoch[30] Batch [0-286]	Speed: 2042.52 samples/sec	cross-entropy=0.000139	company_size-accuracy=1.000000
2023-06-04 23:44:03,723 [INFO]  Epoch[30] Train-cross-entropy=0.000135
2023-06-04 23:44:03,723 [INFO]  Epoch[30] Train-company_size-accuracy=1.000000
2023-06-04 23:44:03,724 [INFO]  Epoch[30] Time cost=4.538
2023-06-04 23:44:03,729 [INFO]  Saved checkpoint to "imputer_comp_size/model-0030.params"
2023-06-04 23:44:04,121 [INFO]  Epoch[30] Validation-cross-entropy=0.000159
2023-06-04 23:44:04,121 [INFO]  Epoch[30] Validation-company_size-accuracy=1.000000
2023-06-04 23:44:06,411 [INFO]  Epoch[31] Batch [0-286]	Speed: 2005.75 samples/sec	cross-entropy=0.000114	company_size-accuracy=1.000000
2023-06-04 23:44:08,640 [INFO]  Epoch[31] Train-cross-entropy=0.000110
2023-06-04 23:44:08,640 [INFO]  Epoch[31] Train-company_size-accuracy=1.000000
2023-06-04 23:44:08,640 [INFO]  Epoch[31] Time cost=4.519
2023-06-04 23:44:08,645 [INFO]  Saved checkpoint to "imputer_comp_size/model-0031.params"
2023-06-04 23:44:09,042 [INFO]  Epoch[31] Validation-cross-entropy=0.000131
2023-06-04 23:44:09,042 [INFO]  Epoch[31] Validation-company_size-accuracy=1.000000
2023-06-04 23:44:11,332 [INFO]  Epoch[32] Batch [0-286]	Speed: 2005.50 samples/sec	cross-entropy=0.000093	company_size-accuracy=1.000000
2023-06-04 23:44:13,629 [INFO]  Epoch[32] Train-cross-entropy=0.000090
2023-06-04 23:44:13,629 [INFO]  Epoch[32] Train-company_size-accuracy=1.000000
2023-06-04 23:44:13,629 [INFO]  Epoch[32] Time cost=4.587
2023-06-04 23:44:13,635 [INFO]  Saved checkpoint to "imputer_comp_size/model-0032.params"
2023-06-04 23:44:14,036 [INFO]  Epoch[32] Validation-cross-entropy=0.000109
2023-06-04 23:44:14,036 [INFO]  Epoch[32] Validation-company_size-accuracy=1.000000
2023-06-04 23:44:16,302 [INFO]  Epoch[33] Batch [0-286]	Speed: 2026.85 samples/sec	cross-entropy=0.000076	company_size-accuracy=1.000000
2023-06-04 23:44:18,564 [INFO]  Epoch[33] Train-cross-entropy=0.000074
2023-06-04 23:44:18,565 [INFO]  Epoch[33] Train-company_size-accuracy=1.000000
2023-06-04 23:44:18,565 [INFO]  Epoch[33] Time cost=4.528
2023-06-04 23:44:18,570 [INFO]  Saved checkpoint to "imputer_comp_size/model-0033.params"
2023-06-04 23:44:18,979 [INFO]  Epoch[33] Validation-cross-entropy=0.000091
2023-06-04 23:44:18,979 [INFO]  Epoch[33] Validation-company_size-accuracy=1.000000
2023-06-04 23:44:21,230 [INFO]  Epoch[34] Batch [0-286]	Speed: 2040.20 samples/sec	cross-entropy=0.000063	company_size-accuracy=1.000000
2023-06-04 23:44:23,535 [INFO]  Epoch[34] Train-cross-entropy=0.000061
2023-06-04 23:44:23,535 [INFO]  Epoch[34] Train-company_size-accuracy=1.000000
2023-06-04 23:44:23,535 [INFO]  Epoch[34] Time cost=4.556
2023-06-04 23:44:23,541 [INFO]  Saved checkpoint to "imputer_comp_size/model-0034.params"
2023-06-04 23:44:23,927 [INFO]  Epoch[34] Validation-cross-entropy=0.000074
2023-06-04 23:44:23,927 [INFO]  Epoch[34] Validation-company_size-accuracy=1.000000
2023-06-04 23:44:26,151 [INFO]  Epoch[35] Batch [0-286]	Speed: 2065.62 samples/sec	cross-entropy=0.000052	company_size-accuracy=1.000000
2023-06-04 23:44:28,386 [INFO]  Epoch[35] Train-cross-entropy=0.000051
2023-06-04 23:44:28,386 [INFO]  Epoch[35] Train-company_size-accuracy=1.000000
2023-06-04 23:44:28,386 [INFO]  Epoch[35] Time cost=4.459
2023-06-04 23:44:28,392 [INFO]  Saved checkpoint to "imputer_comp_size/model-0035.params"
2023-06-04 23:44:28,780 [INFO]  Epoch[35] Validation-cross-entropy=0.000063
2023-06-04 23:44:28,780 [INFO]  Epoch[35] Validation-company_size-accuracy=1.000000
2023-06-04 23:44:31,024 [INFO]  Epoch[36] Batch [0-286]	Speed: 2046.80 samples/sec	cross-entropy=0.000044	company_size-accuracy=1.000000
2023-06-04 23:44:33,244 [INFO]  Epoch[36] Train-cross-entropy=0.000043
2023-06-04 23:44:33,244 [INFO]  Epoch[36] Train-company_size-accuracy=1.000000
2023-06-04 23:44:33,244 [INFO]  Epoch[36] Time cost=4.464
2023-06-04 23:44:33,249 [INFO]  Saved checkpoint to "imputer_comp_size/model-0036.params"
2023-06-04 23:44:33,627 [INFO]  Epoch[36] Validation-cross-entropy=0.000054
2023-06-04 23:44:33,628 [INFO]  Epoch[36] Validation-company_size-accuracy=1.000000
2023-06-04 23:44:35,839 [INFO]  Epoch[37] Batch [0-286]	Speed: 2076.31 samples/sec	cross-entropy=0.000037	company_size-accuracy=1.000000
2023-06-04 23:44:38,113 [INFO]  Epoch[37] Train-cross-entropy=0.000036
2023-06-04 23:44:38,113 [INFO]  Epoch[37] Train-company_size-accuracy=1.000000
2023-06-04 23:44:38,113 [INFO]  Epoch[37] Time cost=4.486
2023-06-04 23:44:38,118 [INFO]  Saved checkpoint to "imputer_comp_size/model-0037.params"
2023-06-04 23:44:38,515 [INFO]  Epoch[37] Validation-cross-entropy=0.000046
2023-06-04 23:44:38,515 [INFO]  Epoch[37] Validation-company_size-accuracy=1.000000
2023-06-04 23:44:40,693 [INFO]  Epoch[38] Batch [0-286]	Speed: 2108.41 samples/sec	cross-entropy=0.000031	company_size-accuracy=1.000000
2023-06-04 23:44:42,903 [INFO]  Epoch[38] Train-cross-entropy=0.000031
2023-06-04 23:44:42,904 [INFO]  Epoch[38] Train-company_size-accuracy=1.000000
2023-06-04 23:44:42,904 [INFO]  Epoch[38] Time cost=4.388
2023-06-04 23:44:42,909 [INFO]  Saved checkpoint to "imputer_comp_size/model-0038.params"
2023-06-04 23:44:43,296 [INFO]  Epoch[38] Validation-cross-entropy=0.000038
2023-06-04 23:44:43,296 [INFO]  Epoch[38] Validation-company_size-accuracy=1.000000
2023-06-04 23:44:45,539 [INFO]  Epoch[39] Batch [0-286]	Speed: 2047.38 samples/sec	cross-entropy=0.000027	company_size-accuracy=1.000000
2023-06-04 23:44:47,763 [INFO]  Epoch[39] Train-cross-entropy=0.000026
2023-06-04 23:44:47,763 [INFO]  Epoch[39] Train-company_size-accuracy=1.000000
2023-06-04 23:44:47,763 [INFO]  Epoch[39] Time cost=4.467
2023-06-04 23:44:47,768 [INFO]  Saved checkpoint to "imputer_comp_size/model-0039.params"
2023-06-04 23:44:48,158 [INFO]  Epoch[39] Validation-cross-entropy=0.000033
2023-06-04 23:44:48,158 [INFO]  Epoch[39] Validation-company_size-accuracy=1.000000
2023-06-04 23:44:50,437 [INFO]  Epoch[40] Batch [0-286]	Speed: 2015.42 samples/sec	cross-entropy=0.000023	company_size-accuracy=1.000000
2023-06-04 23:44:52,712 [INFO]  Epoch[40] Train-cross-entropy=0.000022
2023-06-04 23:44:52,712 [INFO]  Epoch[40] Train-company_size-accuracy=1.000000
2023-06-04 23:44:52,712 [INFO]  Epoch[40] Time cost=4.554
2023-06-04 23:44:52,717 [INFO]  Saved checkpoint to "imputer_comp_size/model-0040.params"
2023-06-04 23:44:53,097 [INFO]  Epoch[40] Validation-cross-entropy=0.000028
2023-06-04 23:44:53,098 [INFO]  Epoch[40] Validation-company_size-accuracy=1.000000
2023-06-04 23:44:55,354 [INFO]  Epoch[41] Batch [0-286]	Speed: 2035.20 samples/sec	cross-entropy=0.000020	company_size-accuracy=1.000000
2023-06-04 23:44:57,595 [INFO]  Epoch[41] Train-cross-entropy=0.000019
2023-06-04 23:44:57,595 [INFO]  Epoch[41] Train-company_size-accuracy=1.000000
2023-06-04 23:44:57,595 [INFO]  Epoch[41] Time cost=4.497
2023-06-04 23:44:57,600 [INFO]  Saved checkpoint to "imputer_comp_size/model-0041.params"
2023-06-04 23:44:57,985 [INFO]  Epoch[41] Validation-cross-entropy=0.000025
2023-06-04 23:44:57,986 [INFO]  Epoch[41] Validation-company_size-accuracy=1.000000
2023-06-04 23:45:00,290 [INFO]  Epoch[42] Batch [0-286]	Speed: 1992.64 samples/sec	cross-entropy=0.000017	company_size-accuracy=1.000000
2023-06-04 23:45:02,497 [INFO]  Epoch[42] Train-cross-entropy=0.000017
2023-06-04 23:45:02,497 [INFO]  Epoch[42] Train-company_size-accuracy=1.000000
2023-06-04 23:45:02,497 [INFO]  Epoch[42] Time cost=4.511
2023-06-04 23:45:02,502 [INFO]  Saved checkpoint to "imputer_comp_size/model-0042.params"
2023-06-04 23:45:02,883 [INFO]  Epoch[42] Validation-cross-entropy=0.000022
2023-06-04 23:45:02,883 [INFO]  Epoch[42] Validation-company_size-accuracy=1.000000
2023-06-04 23:45:05,066 [INFO]  Epoch[43] Batch [0-286]	Speed: 2104.52 samples/sec	cross-entropy=0.000015	company_size-accuracy=1.000000
2023-06-04 23:45:07,285 [INFO]  Epoch[43] Train-cross-entropy=0.000015
2023-06-04 23:45:07,285 [INFO]  Epoch[43] Train-company_size-accuracy=1.000000
2023-06-04 23:45:07,285 [INFO]  Epoch[43] Time cost=4.402
2023-06-04 23:45:07,290 [INFO]  Saved checkpoint to "imputer_comp_size/model-0043.params"
2023-06-04 23:45:07,668 [INFO]  Epoch[43] Validation-cross-entropy=0.000019
2023-06-04 23:45:07,668 [INFO]  Epoch[43] Validation-company_size-accuracy=1.000000
2023-06-04 23:45:09,955 [INFO]  Epoch[44] Batch [0-286]	Speed: 2008.36 samples/sec	cross-entropy=0.000013	company_size-accuracy=1.000000
2023-06-04 23:45:12,141 [INFO]  Epoch[44] Train-cross-entropy=0.000013
2023-06-04 23:45:12,141 [INFO]  Epoch[44] Train-company_size-accuracy=1.000000
2023-06-04 23:45:12,141 [INFO]  Epoch[44] Time cost=4.473
2023-06-04 23:45:12,147 [INFO]  Saved checkpoint to "imputer_comp_size/model-0044.params"
2023-06-04 23:45:12,541 [INFO]  Epoch[44] Validation-cross-entropy=0.000017
2023-06-04 23:45:12,541 [INFO]  Epoch[44] Validation-company_size-accuracy=1.000000
2023-06-04 23:45:14,827 [INFO]  Epoch[45] Batch [0-286]	Speed: 2008.88 samples/sec	cross-entropy=0.000012	company_size-accuracy=1.000000
2023-06-04 23:45:17,078 [INFO]  Epoch[45] Train-cross-entropy=0.000012
2023-06-04 23:45:17,078 [INFO]  Epoch[45] Train-company_size-accuracy=1.000000
2023-06-04 23:45:17,078 [INFO]  Epoch[45] Time cost=4.537
2023-06-04 23:45:17,083 [INFO]  Saved checkpoint to "imputer_comp_size/model-0045.params"
2023-06-04 23:45:17,458 [INFO]  Epoch[45] Validation-cross-entropy=0.000015
2023-06-04 23:45:17,458 [INFO]  Epoch[45] Validation-company_size-accuracy=1.000000
2023-06-04 23:45:19,636 [INFO]  Epoch[46] Batch [0-286]	Speed: 2109.03 samples/sec	cross-entropy=0.000011	company_size-accuracy=1.000000
2023-06-04 23:45:21,836 [INFO]  Epoch[46] Train-cross-entropy=0.000011
2023-06-04 23:45:21,836 [INFO]  Epoch[46] Train-company_size-accuracy=1.000000
2023-06-04 23:45:21,836 [INFO]  Epoch[46] Time cost=4.378
2023-06-04 23:45:21,841 [INFO]  Saved checkpoint to "imputer_comp_size/model-0046.params"
2023-06-04 23:45:22,215 [INFO]  Epoch[46] Validation-cross-entropy=0.000014
2023-06-04 23:45:22,215 [INFO]  Epoch[46] Validation-company_size-accuracy=1.000000
2023-06-04 23:45:24,441 [INFO]  Epoch[47] Batch [0-286]	Speed: 2063.20 samples/sec	cross-entropy=0.000010	company_size-accuracy=1.000000
2023-06-04 23:45:26,785 [INFO]  Epoch[47] Train-cross-entropy=0.000010
2023-06-04 23:45:26,786 [INFO]  Epoch[47] Train-company_size-accuracy=1.000000
2023-06-04 23:45:26,786 [INFO]  Epoch[47] Time cost=4.570
2023-06-04 23:45:26,791 [INFO]  Saved checkpoint to "imputer_comp_size/model-0047.params"
2023-06-04 23:45:27,176 [INFO]  Epoch[47] Validation-cross-entropy=0.000012
2023-06-04 23:45:27,176 [INFO]  Epoch[47] Validation-company_size-accuracy=1.000000
2023-06-04 23:45:29,577 [INFO]  Epoch[48] Batch [0-286]	Speed: 1912.05 samples/sec	cross-entropy=0.000009	company_size-accuracy=1.000000
2023-06-04 23:45:31,923 [INFO]  Epoch[48] Train-cross-entropy=0.000009
2023-06-04 23:45:31,923 [INFO]  Epoch[48] Train-company_size-accuracy=1.000000
2023-06-04 23:45:31,924 [INFO]  Epoch[48] Time cost=4.748
2023-06-04 23:45:31,929 [INFO]  Saved checkpoint to "imputer_comp_size/model-0048.params"
2023-06-04 23:45:32,349 [INFO]  Epoch[48] Validation-cross-entropy=0.000011
2023-06-04 23:45:32,349 [INFO]  Epoch[48] Validation-company_size-accuracy=1.000000
2023-06-04 23:45:34,728 [INFO]  Epoch[49] Batch [0-286]	Speed: 1930.27 samples/sec	cross-entropy=0.000008	company_size-accuracy=1.000000
2023-06-04 23:45:37,047 [INFO]  Epoch[49] Train-cross-entropy=0.000008
2023-06-04 23:45:37,047 [INFO]  Epoch[49] Train-company_size-accuracy=1.000000
2023-06-04 23:45:37,047 [INFO]  Epoch[49] Time cost=4.698
2023-06-04 23:45:37,053 [INFO]  Saved checkpoint to "imputer_comp_size/model-0049.params"
2023-06-04 23:45:37,452 [INFO]  Epoch[49] Validation-cross-entropy=0.000010
2023-06-04 23:45:37,452 [INFO]  Epoch[49] Validation-company_size-accuracy=1.000000
2023-06-04 23:45:37,452 [INFO]  
========== done (243.93296480178833 s) fit model
