2023-06-07 23:08:39,458 [INFO]  
========== start: fit model
2023-06-07 23:08:39,458 [WARNING]  Already bound, ignoring bind()
2023-06-07 23:08:44,903 [INFO]  Epoch[0] Batch [0-445]	Speed: 1313.10 samples/sec	cross-entropy=0.519256	major_discipline-accuracy=0.883268
2023-06-07 23:08:50,298 [INFO]  Epoch[0] Train-cross-entropy=0.502238
2023-06-07 23:08:50,298 [INFO]  Epoch[0] Train-major_discipline-accuracy=0.885264
2023-06-07 23:08:50,298 [INFO]  Epoch[0] Time cost=10.840
2023-06-07 23:08:50,300 [INFO]  Saved checkpoint to "major_discipline\model-0000.params"
2023-06-07 23:08:51,079 [INFO]  Epoch[0] Validation-cross-entropy=0.475444
2023-06-07 23:08:51,080 [INFO]  Epoch[0] Validation-major_discipline-accuracy=0.888889
2023-06-07 23:08:56,479 [INFO]  Epoch[1] Batch [0-445]	Speed: 1322.43 samples/sec	cross-entropy=0.477092	major_discipline-accuracy=0.884529
2023-06-07 23:09:01,862 [INFO]  Epoch[1] Train-cross-entropy=0.474341
2023-06-07 23:09:01,862 [INFO]  Epoch[1] Train-major_discipline-accuracy=0.885897
2023-06-07 23:09:01,862 [INFO]  Epoch[1] Time cost=10.780
2023-06-07 23:09:01,864 [INFO]  Saved checkpoint to "major_discipline\model-0001.params"
2023-06-07 23:09:02,652 [INFO]  Epoch[1] Validation-cross-entropy=0.462763
2023-06-07 23:09:02,652 [INFO]  Epoch[1] Validation-major_discipline-accuracy=0.888889
2023-06-07 23:09:08,082 [INFO]  Epoch[2] Batch [0-445]	Speed: 1314.24 samples/sec	cross-entropy=0.469150	major_discipline-accuracy=0.884529
2023-06-07 23:09:13,452 [INFO]  Epoch[2] Train-cross-entropy=0.467644
2023-06-07 23:09:13,452 [INFO]  Epoch[2] Train-major_discipline-accuracy=0.885897
2023-06-07 23:09:13,452 [INFO]  Epoch[2] Time cost=10.801
2023-06-07 23:09:13,454 [INFO]  Saved checkpoint to "major_discipline\model-0002.params"
2023-06-07 23:09:14,231 [INFO]  Epoch[2] Validation-cross-entropy=0.458772
2023-06-07 23:09:14,231 [INFO]  Epoch[2] Validation-major_discipline-accuracy=0.888889
2023-06-07 23:09:19,636 [INFO]  Epoch[3] Batch [0-445]	Speed: 1320.08 samples/sec	cross-entropy=0.465071	major_discipline-accuracy=0.884529
2023-06-07 23:09:25,039 [INFO]  Epoch[3] Train-cross-entropy=0.463954
2023-06-07 23:09:25,039 [INFO]  Epoch[3] Train-major_discipline-accuracy=0.885897
2023-06-07 23:09:25,039 [INFO]  Epoch[3] Time cost=10.808
2023-06-07 23:09:25,043 [INFO]  Saved checkpoint to "major_discipline\model-0003.params"
2023-06-07 23:09:25,830 [INFO]  Epoch[3] Validation-cross-entropy=0.457682
2023-06-07 23:09:25,830 [INFO]  Epoch[3] Validation-major_discipline-accuracy=0.888889
2023-06-07 23:09:31,244 [INFO]  Epoch[4] Batch [0-445]	Speed: 1318.11 samples/sec	cross-entropy=0.462329	major_discipline-accuracy=0.884529
2023-06-07 23:09:36,609 [INFO]  Epoch[4] Train-cross-entropy=0.461411
2023-06-07 23:09:36,609 [INFO]  Epoch[4] Train-major_discipline-accuracy=0.885897
2023-06-07 23:09:36,609 [INFO]  Epoch[4] Time cost=10.779
2023-06-07 23:09:36,611 [INFO]  Saved checkpoint to "major_discipline\model-0004.params"
2023-06-07 23:09:37,402 [INFO]  Epoch[4] Validation-cross-entropy=0.456896
2023-06-07 23:09:37,402 [INFO]  Epoch[4] Validation-major_discipline-accuracy=0.888889
2023-06-07 23:09:42,867 [INFO]  Epoch[5] Batch [0-445]	Speed: 1305.97 samples/sec	cross-entropy=0.460255	major_discipline-accuracy=0.884529
2023-06-07 23:09:48,203 [INFO]  Epoch[5] Train-cross-entropy=0.459488
2023-06-07 23:09:48,203 [INFO]  Epoch[5] Train-major_discipline-accuracy=0.885897
2023-06-07 23:09:48,203 [INFO]  Epoch[5] Time cost=10.800
2023-06-07 23:09:48,205 [INFO]  Saved checkpoint to "major_discipline\model-0005.params"
2023-06-07 23:09:48,990 [INFO]  Epoch[5] Validation-cross-entropy=0.456819
2023-06-07 23:09:48,990 [INFO]  Epoch[5] Validation-major_discipline-accuracy=0.888889
2023-06-07 23:09:54,412 [INFO]  Epoch[6] Batch [0-445]	Speed: 1316.39 samples/sec	cross-entropy=0.458718	major_discipline-accuracy=0.884529
2023-06-07 23:09:59,765 [INFO]  Epoch[6] Train-cross-entropy=0.458012
2023-06-07 23:09:59,765 [INFO]  Epoch[6] Train-major_discipline-accuracy=0.885897
2023-06-07 23:09:59,765 [INFO]  Epoch[6] Time cost=10.775
2023-06-07 23:09:59,767 [INFO]  Saved checkpoint to "major_discipline\model-0006.params"
2023-06-07 23:10:00,556 [INFO]  Epoch[6] Validation-cross-entropy=0.457105
2023-06-07 23:10:00,556 [INFO]  Epoch[6] Validation-major_discipline-accuracy=0.888889
2023-06-07 23:10:05,949 [INFO]  Epoch[7] Batch [0-445]	Speed: 1323.12 samples/sec	cross-entropy=0.457268	major_discipline-accuracy=0.884389
2023-06-07 23:10:11,369 [INFO]  Epoch[7] Train-cross-entropy=0.456631
2023-06-07 23:10:11,369 [INFO]  Epoch[7] Train-major_discipline-accuracy=0.885827
2023-06-07 23:10:11,369 [INFO]  Epoch[7] Time cost=10.813
2023-06-07 23:10:11,371 [INFO]  Saved checkpoint to "major_discipline\model-0007.params"
2023-06-07 23:10:12,167 [INFO]  Epoch[7] Validation-cross-entropy=0.457315
2023-06-07 23:10:12,167 [INFO]  Epoch[7] Validation-major_discipline-accuracy=0.888889
2023-06-07 23:10:17,608 [INFO]  Epoch[8] Batch [0-445]	Speed: 1311.34 samples/sec	cross-entropy=0.456170	major_discipline-accuracy=0.884389
2023-06-07 23:10:23,083 [INFO]  Epoch[8] Train-cross-entropy=0.455576
2023-06-07 23:10:23,083 [INFO]  Epoch[8] Train-major_discipline-accuracy=0.885827
2023-06-07 23:10:23,083 [INFO]  Epoch[8] Time cost=10.916
2023-06-07 23:10:23,085 [INFO]  Saved checkpoint to "major_discipline\model-0008.params"
2023-06-07 23:10:23,875 [INFO]  Epoch[8] Validation-cross-entropy=0.457657
2023-06-07 23:10:23,875 [INFO]  Epoch[8] Validation-major_discipline-accuracy=0.888889
2023-06-07 23:10:29,375 [INFO]  Epoch[9] Batch [0-445]	Speed: 1297.40 samples/sec	cross-entropy=0.455216	major_discipline-accuracy=0.884389
2023-06-07 23:10:34,827 [INFO]  Epoch[9] Train-cross-entropy=0.454630
2023-06-07 23:10:34,827 [INFO]  Epoch[9] Train-major_discipline-accuracy=0.885827
2023-06-07 23:10:34,827 [INFO]  Epoch[9] Time cost=10.952
2023-06-07 23:10:34,829 [INFO]  Saved checkpoint to "major_discipline\model-0009.params"
2023-06-07 23:10:35,611 [INFO]  No improvement detected for 5 epochs compared to 0.45689581289435877 last error obtained: 0.4581196959121059, stopping here
2023-06-07 23:10:35,611 [INFO]  
========== done (116.15419602394104 s) fit model
